{"/mnt/c/Users/Артем/verst/frontend-project-46/src/index.js": {"path":"/mnt/c/Users/Артем/verst/frontend-project-46/src/index.js","statementMap":{"0":{"start":{"line":4,"column":22},"end":{"line":9,"column":1}},"1":{"start":{"line":5,"column":16},"end":{"line":5,"column":34}},"2":{"start":{"line":6,"column":16},"end":{"line":6,"column":34}},"3":{"start":{"line":7,"column":18},"end":{"line":7,"column":52}},"4":{"start":{"line":8,"column":2},"end":{"line":8,"column":24}},"5":{"start":{"line":11,"column":18},"end":{"line":34,"column":1}},"6":{"start":{"line":12,"column":21},"end":{"line":12,"column":48}},"7":{"start":{"line":13,"column":2},"end":{"line":33,"column":12}},"8":{"start":{"line":14,"column":17},"end":{"line":14,"column":27}},"9":{"start":{"line":15,"column":17},"end":{"line":15,"column":27}},"10":{"start":{"line":16,"column":17},"end":{"line":16,"column":42}},"11":{"start":{"line":17,"column":17},"end":{"line":17,"column":42}},"12":{"start":{"line":19,"column":4},"end":{"line":21,"column":5}},"13":{"start":{"line":20,"column":6},"end":{"line":20,"column":53}},"14":{"start":{"line":22,"column":4},"end":{"line":24,"column":5}},"15":{"start":{"line":23,"column":6},"end":{"line":23,"column":51}},"16":{"start":{"line":25,"column":4},"end":{"line":27,"column":5}},"17":{"start":{"line":26,"column":6},"end":{"line":26,"column":55}},"18":{"start":{"line":29,"column":4},"end":{"line":32,"column":6}},"19":{"start":{"line":36,"column":16},"end":{"line":41,"column":1}},"20":{"start":{"line":37,"column":16},"end":{"line":37,"column":36}},"21":{"start":{"line":38,"column":16},"end":{"line":38,"column":36}},"22":{"start":{"line":39,"column":15},"end":{"line":39,"column":38}},"23":{"start":{"line":40,"column":2},"end":{"line":40,"column":26}}},"fnMap":{"0":{"name":"(anonymous_0)","decl":{"start":{"line":4,"column":22},"end":{"line":4,"column":23}},"loc":{"start":{"line":4,"column":40},"end":{"line":9,"column":1}},"line":4},"1":{"name":"(anonymous_1)","decl":{"start":{"line":11,"column":18},"end":{"line":11,"column":19}},"loc":{"start":{"line":11,"column":36},"end":{"line":34,"column":1}},"line":11},"2":{"name":"(anonymous_2)","decl":{"start":{"line":13,"column":24},"end":{"line":13,"column":25}},"loc":{"start":{"line":13,"column":33},"end":{"line":33,"column":3}},"line":13},"3":{"name":"(anonymous_3)","decl":{"start":{"line":36,"column":16},"end":{"line":36,"column":17}},"loc":{"start":{"line":36,"column":62},"end":{"line":41,"column":1}},"line":36}},"branchMap":{"0":{"loc":{"start":{"line":19,"column":4},"end":{"line":21,"column":5}},"type":"if","locations":[{"start":{"line":19,"column":4},"end":{"line":21,"column":5}},{"start":{},"end":{}}],"line":19},"1":{"loc":{"start":{"line":19,"column":8},"end":{"line":19,"column":21}},"type":"binary-expr","locations":[{"start":{"line":19,"column":8},"end":{"line":19,"column":12}},{"start":{"line":19,"column":16},"end":{"line":19,"column":21}}],"line":19},"2":{"loc":{"start":{"line":22,"column":4},"end":{"line":24,"column":5}},"type":"if","locations":[{"start":{"line":22,"column":4},"end":{"line":24,"column":5}},{"start":{},"end":{}}],"line":22},"3":{"loc":{"start":{"line":22,"column":8},"end":{"line":22,"column":21}},"type":"binary-expr","locations":[{"start":{"line":22,"column":8},"end":{"line":22,"column":13}},{"start":{"line":22,"column":17},"end":{"line":22,"column":21}}],"line":22},"4":{"loc":{"start":{"line":25,"column":4},"end":{"line":27,"column":5}},"type":"if","locations":[{"start":{"line":25,"column":4},"end":{"line":27,"column":5}},{"start":{},"end":{}}],"line":25},"5":{"loc":{"start":{"line":36,"column":39},"end":{"line":36,"column":57}},"type":"default-arg","locations":[{"start":{"line":36,"column":48},"end":{"line":36,"column":57}}],"line":36}},"s":{"0":1,"1":2,"2":2,"3":2,"4":2,"5":1,"6":2,"7":2,"8":5,"9":5,"10":5,"11":5,"12":5,"13":2,"14":3,"15":1,"16":2,"17":1,"18":1,"19":1,"20":2,"21":2,"22":2,"23":2},"f":{"0":2,"1":2,"2":5,"3":2},"b":{"0":[2,3],"1":[5,4],"2":[1,2],"3":[3,1],"4":[1,1],"5":[2]},"_coverageSchema":"1a1c01bbd47fc00a2c39e90264f33305004495a9","hash":"b41e82edfebd6a056add1c391945586e1f4dd610"}
,"/mnt/c/Users/Артем/verst/frontend-project-46/src/parser.js": {"path":"/mnt/c/Users/Артем/verst/frontend-project-46/src/parser.js","statementMap":{"0":{"start":{"line":4,"column":18},"end":{"line":15,"column":1}},"1":{"start":{"line":5,"column":23},"end":{"line":5,"column":60}},"2":{"start":{"line":6,"column":18},"end":{"line":6,"column":56}},"3":{"start":{"line":7,"column":14},"end":{"line":7,"column":50}},"4":{"start":{"line":9,"column":2},"end":{"line":14,"column":3}},"5":{"start":{"line":11,"column":6},"end":{"line":11,"column":33}},"6":{"start":{"line":13,"column":6},"end":{"line":13,"column":60}}},"fnMap":{"0":{"name":"(anonymous_0)","decl":{"start":{"line":4,"column":18},"end":{"line":4,"column":19}},"loc":{"start":{"line":4,"column":32},"end":{"line":15,"column":1}},"line":4}},"branchMap":{"0":{"loc":{"start":{"line":9,"column":2},"end":{"line":14,"column":3}},"type":"switch","locations":[{"start":{"line":10,"column":4},"end":{"line":11,"column":33}},{"start":{"line":12,"column":4},"end":{"line":13,"column":60}}],"line":9}},"s":{"0":1,"1":4,"2":4,"3":4,"4":4,"5":4,"6":0},"f":{"0":4},"b":{"0":[4,0]},"_coverageSchema":"1a1c01bbd47fc00a2c39e90264f33305004495a9","hash":"6a8a82739c51c7ecd58d359971b9c9beab0d0bf4"}
,"/mnt/c/Users/Артем/verst/frontend-project-46/src/formatters/stylish.js": {"path":"/mnt/c/Users/Артем/verst/frontend-project-46/src/formatters/stylish.js","statementMap":{"0":{"start":{"line":1,"column":20},"end":{"line":6,"column":1}},"1":{"start":{"line":2,"column":2},"end":{"line":4,"column":3}},"2":{"start":{"line":3,"column":4},"end":{"line":3,"column":25}},"3":{"start":{"line":5,"column":2},"end":{"line":5,"column":27}},"4":{"start":{"line":8,"column":19},"end":{"line":24,"column":1}},"5":{"start":{"line":9,"column":16},"end":{"line":22,"column":4}},"6":{"start":{"line":10,"column":35},"end":{"line":10,"column":39}},"7":{"start":{"line":11,"column":27},"end":{"line":11,"column":45}},"8":{"start":{"line":12,"column":4},"end":{"line":21,"column":5}},"9":{"start":{"line":14,"column":8},"end":{"line":14,"column":45}},"10":{"start":{"line":16,"column":8},"end":{"line":16,"column":45}},"11":{"start":{"line":18,"column":8},"end":{"line":18,"column":45}},"12":{"start":{"line":20,"column":8},"end":{"line":20,"column":18}},"13":{"start":{"line":23,"column":2},"end":{"line":23,"column":37}}},"fnMap":{"0":{"name":"(anonymous_0)","decl":{"start":{"line":1,"column":20},"end":{"line":1,"column":21}},"loc":{"start":{"line":1,"column":31},"end":{"line":6,"column":1}},"line":1},"1":{"name":"(anonymous_1)","decl":{"start":{"line":8,"column":19},"end":{"line":8,"column":20}},"loc":{"start":{"line":8,"column":34},"end":{"line":24,"column":1}},"line":8},"2":{"name":"(anonymous_2)","decl":{"start":{"line":9,"column":30},"end":{"line":9,"column":31}},"loc":{"start":{"line":9,"column":40},"end":{"line":22,"column":3}},"line":9}},"branchMap":{"0":{"loc":{"start":{"line":2,"column":2},"end":{"line":4,"column":3}},"type":"if","locations":[{"start":{"line":2,"column":2},"end":{"line":4,"column":3}},{"start":{},"end":{}}],"line":2},"1":{"loc":{"start":{"line":2,"column":6},"end":{"line":2,"column":49}},"type":"binary-expr","locations":[{"start":{"line":2,"column":6},"end":{"line":2,"column":31}},{"start":{"line":2,"column":35},"end":{"line":2,"column":49}}],"line":2},"2":{"loc":{"start":{"line":12,"column":4},"end":{"line":21,"column":5}},"type":"switch","locations":[{"start":{"line":13,"column":6},"end":{"line":14,"column":45}},{"start":{"line":15,"column":6},"end":{"line":16,"column":45}},{"start":{"line":17,"column":6},"end":{"line":18,"column":45}},{"start":{"line":19,"column":6},"end":{"line":20,"column":18}}],"line":12}},"s":{"0":1,"1":6,"2":6,"3":0,"4":1,"5":2,"6":6,"7":6,"8":6,"9":1,"10":2,"11":3,"12":0,"13":2},"f":{"0":6,"1":2,"2":6},"b":{"0":[6,0],"1":[6,0],"2":[1,2,3,0]},"_coverageSchema":"1a1c01bbd47fc00a2c39e90264f33305004495a9","hash":"8b264959574ffabdf29599fc6e8d62bad0ae3a5f"}
}
