TN:
SF:src/index.js
FN:4,(anonymous_0)
FN:11,(anonymous_1)
FN:13,(anonymous_2)
FN:36,(anonymous_3)
FNF:4
FNH:4
FNDA:2,(anonymous_0)
FNDA:2,(anonymous_1)
FNDA:5,(anonymous_2)
FNDA:2,(anonymous_3)
DA:4,1
DA:5,2
DA:6,2
DA:7,2
DA:8,2
DA:11,1
DA:12,2
DA:13,2
DA:14,5
DA:15,5
DA:16,5
DA:17,5
DA:19,5
DA:20,2
DA:22,3
DA:23,1
DA:25,2
DA:26,1
DA:29,1
DA:36,1
DA:37,2
DA:38,2
DA:39,2
DA:40,2
LF:24
LH:24
BRDA:19,0,0,2
BRDA:19,0,1,3
BRDA:19,1,0,5
BRDA:19,1,1,4
BRDA:22,2,0,1
BRDA:22,2,1,2
BRDA:22,3,0,3
BRDA:22,3,1,1
BRDA:25,4,0,1
BRDA:25,4,1,1
BRDA:36,5,0,2
BRF:11
BRH:11
end_of_record
TN:
SF:src/parser.js
FN:4,(anonymous_0)
FNF:1
FNH:1
FNDA:4,(anonymous_0)
DA:4,1
DA:5,4
DA:6,4
DA:7,4
DA:9,4
DA:11,4
DA:13,0
LF:7
LH:6
BRDA:9,0,0,4
BRDA:9,0,1,0
BRF:2
BRH:1
end_of_record
TN:
SF:src/formatters/stylish.js
FN:1,(anonymous_0)
FN:8,(anonymous_1)
FN:9,(anonymous_2)
FNF:3
FNH:3
FNDA:6,(anonymous_0)
FNDA:2,(anonymous_1)
FNDA:6,(anonymous_2)
DA:1,1
DA:2,6
DA:3,6
DA:5,0
DA:8,1
DA:9,2
DA:10,6
DA:11,6
DA:12,6
DA:14,1
DA:16,2
DA:18,3
DA:20,0
DA:23,2
LF:14
LH:12
BRDA:2,0,0,6
BRDA:2,0,1,0
BRDA:2,1,0,6
BRDA:2,1,1,0
BRDA:12,2,0,1
BRDA:12,2,1,2
BRDA:12,2,2,3
BRDA:12,2,3,0
BRF:8
BRH:5
end_of_record
